2025-04-27 16:17:29,302 - INFO - \u2705 Excel updated for section: B8.5 S4
2025-04-27 16:17:32,655 - INFO - \u2705 Excel updated for section: E46 M3
2025-04-27 16:17:46,875 - INFO - \u2705 Excel updated for section: E92 M3
2025-04-27 16:17:56,077 - INFO - \u2705 Excel updated for section: E39 M5
2025-04-27 16:18:03,774 - INFO - \u2705 Excel updated for section: W204 C63 AMG
2025-04-27 16:18:06,077 - INFO - \u2705 Excel updated for section: 991 GT3
2025-04-27 16:18:06,385 - INFO - \u2705 Excel updated for section: 9th Gen Accord
2025-04-27 16:21:19,181 - ERROR - \u274c Excel File open — save failed.
2025-04-27 16:21:22,209 - ERROR - \u274c Excel File open — save failed.
2025-04-27 16:21:35,909 - ERROR - \u274c Excel File open — save failed.
2025-04-27 16:21:45,271 - ERROR - \u274c Excel File open — save failed.
2025-04-27 16:21:53,237 - ERROR - \u274c Excel File open — save failed.
2025-04-27 16:21:55,673 - ERROR - \u274c Excel File open — save failed.
2025-04-27 16:21:55,890 - ERROR - \u274c Excel File open — save failed.
2025-04-27 16:30:09,169 - INFO - \u2705 Excel updated for section: B8.5 S4
2025-04-27 16:30:12,121 - INFO - \u2705 Excel updated for section: E46 M3
2025-04-27 16:30:25,519 - INFO - \u2705 Excel updated for section: E92 M3
2025-04-27 16:30:35,086 - INFO - \u2705 Excel updated for section: E39 M5
2025-04-27 16:30:42,874 - INFO - \u2705 Excel updated for section: W204 C63 AMG
2025-04-27 16:30:45,266 - INFO - \u2705 Excel updated for section: 991 GT3
2025-04-27 16:30:45,561 - INFO - \u2705 Excel updated for section: 9th Gen Accord
2025-04-27 16:36:31,312 - INFO - \u2705 Excel updated for section: B8.5 S4
2025-04-27 16:36:34,702 - INFO - \u2705 Excel updated for section: E46 M3
2025-04-27 16:36:48,303 - INFO - \u2705 Excel updated for section: E92 M3
2025-04-27 16:36:57,593 - INFO - \u2705 Excel updated for section: E39 M5
2025-04-27 16:37:05,050 - INFO - \u2705 Excel updated for section: W204 C63 AMG
2025-04-27 16:37:07,513 - INFO - \u2705 Excel updated for section: 991 GT3
2025-04-27 16:37:07,805 - INFO - \u2705 Excel updated for section: 9th Gen Accord
2025-04-27 16:38:56,681 - INFO - \u2705 Excel updated for section: B8.5 S4
2025-04-27 16:38:59,796 - INFO - \u2705 Excel updated for section: E46 M3
2025-04-27 16:39:13,352 - INFO - \u2705 Excel updated for section: E92 M3
2025-04-27 16:39:22,357 - INFO - \u2705 Excel updated for section: E39 M5
2025-04-27 16:39:29,546 - INFO - \u2705 Excel updated for section: W204 C63 AMG
2025-04-27 16:39:31,926 - INFO - \u2705 Excel updated for section: 991 GT3
2025-04-27 16:39:32,189 - INFO - \u2705 Excel updated for section: 9th Gen Accord
2025-04-27 16:42:26,261 - INFO - \u2705 Excel updated for section: B8.5 S4
2025-04-27 16:42:29,690 - INFO - \u2705 Excel updated for section: E46 M3
2025-04-27 16:42:43,606 - INFO - \u2705 Excel updated for section: E92 M3
2025-04-27 16:42:53,506 - INFO - \u2705 Excel updated for section: E39 M5
2025-04-27 16:43:00,975 - INFO - \u2705 Excel updated for section: W204 C63 AMG
2025-04-27 16:43:03,552 - INFO - \u2705 Excel updated for section: 991 GT3
2025-04-27 16:43:03,951 - INFO - \u2705 Excel updated for section: 9th Gen Accord
2025-04-28 11:16:17,130 - INFO - \u2705 Excel updated for section: B8.5 S4
2025-04-28 11:16:20,427 - INFO - \u2705 Excel updated for section: E46 M3
2025-04-28 11:16:34,904 - INFO - \u2705 Excel updated for section: E92 M3
2025-04-28 11:16:44,787 - INFO - \u2705 Excel updated for section: E39 M5
2025-04-28 11:16:52,874 - INFO - \u2705 Excel updated for section: W204 C63 AMG
2025-04-28 11:16:55,570 - INFO - \u2705 Excel updated for section: 991 GT3
2025-04-28 11:16:55,922 - INFO - \u2705 Excel updated for section: 9th Gen Accord
2025-04-29 10:22:30,215 - INFO - \u2705 Excel updated for section: B8.5 S4
2025-04-29 10:22:33,732 - INFO - \u2705 Excel updated for section: E46 M3
2025-04-29 10:22:47,656 - INFO - \u2705 Excel updated for section: E92 M3
2025-04-29 10:22:57,178 - INFO - \u2705 Excel updated for section: E39 M5
2025-04-29 10:23:05,264 - ERROR - \u274c Excel File open — save failed.
2025-04-29 10:23:07,512 - ERROR - \u274c Excel File open — save failed.
2025-04-29 10:23:07,735 - ERROR - \u274c Excel File open — save failed.
2025-04-30 09:07:30,370 - INFO - \u2705 Excel updated for section: B8.5 S4
2025-04-30 09:07:33,755 - INFO - \u2705 Excel updated for section: E46 M3
2025-04-30 09:07:49,123 - INFO - \u2705 Excel updated for section: E92 M3
2025-04-30 09:07:58,755 - INFO - \u2705 Excel updated for section: E39 M5
2025-04-30 09:08:06,778 - INFO - \u2705 Excel updated for section: W204 C63 AMG
2025-04-30 09:08:09,296 - INFO - \u2705 Excel updated for section: 991 GT3
2025-04-30 09:08:09,671 - INFO - \u2705 Excel updated for section: 9th Gen Accord
2025-04-30 20:48:34,782 - INFO - \u2705 Excel updated for section: B8.5 S4
2025-04-30 20:48:38,127 - INFO - \u2705 Excel updated for section: E46 M3
2025-04-30 20:48:52,720 - INFO - \u2705 Excel updated for section: E92 M3
2025-04-30 20:49:01,907 - INFO - \u2705 Excel updated for section: E39 M5
2025-04-30 20:49:09,206 - INFO - \u2705 Excel updated for section: W204 C63 AMG
2025-04-30 20:49:11,516 - INFO - \u2705 Excel updated for section: 991 GT3
2025-04-30 20:49:11,868 - INFO - \u2705 Excel updated for section: 9th Gen Accord
2025-05-01 08:33:23,688 - INFO - \u2705 Excel updated for section: B8.5 S4
2025-05-01 08:33:27,410 - INFO - \u2705 Excel updated for section: E46 M3
2025-05-01 08:33:41,909 - INFO - \u2705 Excel updated for section: E92 M3
2025-05-01 08:33:52,044 - INFO - \u2705 Excel updated for section: E39 M5
2025-05-01 08:34:00,565 - INFO - \u2705 Excel updated for section: W204 C63 AMG
2025-05-01 08:34:03,340 - INFO - \u2705 Excel updated for section: 991 GT3
2025-05-01 08:34:04,082 - INFO - \u2705 Excel updated for section: 9th Gen Accord
2025-05-01 20:47:58,760 - INFO - \u2705 Excel updated for section: B8.5 S4
2025-05-01 20:48:01,877 - INFO - \u2705 Excel updated for section: E46 M3
2025-05-01 20:48:15,113 - INFO - \u2705 Excel updated for section: E92 M3
2025-05-01 20:48:25,407 - INFO - \u2705 Excel updated for section: E39 M5
2025-05-01 20:48:33,913 - INFO - \u2705 Excel updated for section: W204 C63 AMG
2025-05-01 20:48:36,849 - INFO - \u2705 Excel updated for section: 991 GT3
2025-05-01 20:48:37,483 - INFO - \u2705 Excel updated for section: 9th Gen Accord
2025-05-02 08:16:54,926 - INFO - \u2705 Excel updated for section: B8.5 S4
2025-05-02 08:16:58,333 - INFO - \u2705 Excel updated for section: E46 M3
2025-05-02 08:17:11,571 - INFO - \u2705 Excel updated for section: E92 M3
2025-05-02 08:17:19,986 - INFO - \u2705 Excel updated for section: E39 M5
2025-05-02 08:17:27,739 - INFO - \u2705 Excel updated for section: W204 C63 AMG
2025-05-02 08:17:30,549 - INFO - \u2705 Excel updated for section: 991 GT3
2025-05-02 08:17:31,088 - INFO - \u2705 Excel updated for section: 9th Gen Accord
2025-05-03 08:20:56,492 - INFO - \u2705 Excel updated for section: B8.5 S4
2025-05-03 08:20:59,796 - INFO - \u2705 Excel updated for section: E46 M3
2025-05-03 08:21:13,186 - INFO - \u2705 Excel updated for section: E92 M3
2025-05-03 08:21:21,929 - INFO - \u2705 Excel updated for section: E39 M5
2025-05-03 08:21:29,094 - INFO - \u2705 Excel updated for section: W204 C63 AMG
2025-05-03 08:21:31,923 - INFO - \u2705 Excel updated for section: 991 GT3
2025-05-03 08:21:32,915 - INFO - \u2705 Excel updated for section: 9th Gen Accord
2025-05-03 20:01:02,844 - INFO - \u2705 Excel updated for section: B8.5 S4
2025-05-03 20:01:06,827 - INFO - \u2705 Excel updated for section: E46 M3
2025-05-03 20:01:20,332 - INFO - \u2705 Excel updated for section: E92 M3
2025-05-03 20:01:29,714 - INFO - \u2705 Excel updated for section: E39 M5
2025-05-03 20:01:37,410 - INFO - \u2705 Excel updated for section: W204 C63 AMG
2025-05-03 20:01:40,209 - INFO - \u2705 Excel updated for section: 991 GT3
2025-05-03 20:01:40,866 - INFO - \u2705 Excel updated for section: 9th Gen Accord
2025-05-03 20:07:06,033 - INFO - \u2705 Excel updated for section: B8.5 S4
2025-05-03 20:07:09,725 - INFO - \u2705 Excel updated for section: E46 M3
2025-05-03 20:07:24,196 - INFO - \u2705 Excel updated for section: E92 M3
2025-05-03 20:07:33,934 - INFO - \u2705 Excel updated for section: E39 M5
2025-05-03 20:07:42,104 - INFO - \u2705 Excel updated for section: W204 C63 AMG
2025-05-03 20:07:44,608 - INFO - \u2705 Excel updated for section: 991 GT3
2025-05-03 20:07:44,920 - INFO - \u2705 Excel updated for section: 9th Gen Accord
2025-05-03 21:42:03,317 - INFO - \u2705 Excel updated for section: B8.5 S4
2025-05-03 21:42:07,584 - INFO - \u2705 Excel updated for section: E46 M3
2025-05-03 21:42:22,894 - INFO - \u2705 Excel updated for section: E92 M3
2025-05-03 21:42:32,828 - INFO - \u2705 Excel updated for section: E39 M5
2025-05-03 21:42:40,630 - INFO - \u2705 Excel updated for section: W204 C63 AMG
2025-05-03 21:42:43,421 - INFO - \u2705 Excel updated for section: 991 GT3
2025-05-03 21:42:43,796 - INFO - \u2705 Excel updated for section: 9th Gen Accord
2025-05-04 08:49:51,979 - INFO - \u2705 Excel updated for section: B8.5 S4
2025-05-04 08:49:56,009 - INFO - \u2705 Excel updated for section: E46 M3
2025-05-04 08:50:09,156 - INFO - \u2705 Excel updated for section: E92 M3
2025-05-04 08:50:17,822 - INFO - \u2705 Excel updated for section: E39 M5
2025-05-04 08:50:24,817 - INFO - \u2705 Excel updated for section: W204 C63 AMG
2025-05-04 08:50:27,129 - INFO - \u2705 Excel updated for section: 991 GT3
2025-05-04 08:50:27,488 - INFO - \u2705 Excel updated for section: 9th Gen Accord
2025-05-05 08:11:20,846 - INFO - \u2705 Excel updated for section: B8.5 S4
2025-05-05 08:11:24,388 - INFO - \u2705 Excel updated for section: E46 M3
2025-05-05 08:11:37,958 - INFO - \u2705 Excel updated for section: E92 M3
2025-05-05 08:11:46,967 - INFO - \u2705 Excel updated for section: E39 M5
2025-05-05 08:11:54,309 - INFO - \u2705 Excel updated for section: W204 C63 AMG
2025-05-05 08:11:56,796 - INFO - \u2705 Excel updated for section: 991 GT3
2025-05-05 08:11:57,441 - INFO - \u2705 Excel updated for section: 9th Gen Accord
2025-05-05 11:11:51,883 - INFO - \u2705 Excel updated for section: B8.5 S4
2025-05-05 11:11:56,422 - INFO - \u2705 Excel updated for section: E46 M3
2025-05-05 11:12:11,582 - INFO - \u2705 Excel updated for section: E92 M3
2025-05-05 11:12:21,401 - INFO - \u2705 Excel updated for section: E39 M5
2025-05-05 11:12:29,469 - INFO - \u2705 Excel updated for section: W204 C63 AMG
2025-05-05 11:12:32,302 - INFO - \u2705 Excel updated for section: 991 GT3
2025-05-05 11:12:32,921 - INFO - \u2705 Excel updated for section: 9th Gen Accord
2025-05-06 08:15:41,140 - INFO - \u2705 Excel updated for section: B8.5 S4
2025-05-06 08:15:44,876 - INFO - \u2705 Excel updated for section: E46 M3
2025-05-06 08:15:58,822 - INFO - \u2705 Excel updated for section: E92 M3
2025-05-06 08:16:07,683 - INFO - \u2705 Excel updated for section: E39 M5
2025-05-06 08:16:15,817 - INFO - \u2705 Excel updated for section: W204 C63 AMG
2025-05-06 08:16:19,328 - INFO - \u2705 Excel updated for section: 991 GT3
2025-05-06 08:16:20,283 - INFO - \u2705 Excel updated for section: 9th Gen Accord
2025-05-07 08:24:26,703 - INFO - \u2705 Excel updated for section: B8.5 S4
2025-05-07 08:24:30,671 - INFO - \u2705 Excel updated for section: E46 M3
2025-05-07 08:24:45,083 - INFO - \u2705 Excel updated for section: E92 M3
2025-05-07 08:24:55,055 - INFO - \u2705 Excel updated for section: E39 M5
2025-05-07 08:25:03,368 - INFO - \u2705 Excel updated for section: W204 C63 AMG
2025-05-07 08:25:06,257 - INFO - \u2705 Excel updated for section: 991 GT3
2025-05-07 08:25:06,913 - INFO - \u2705 Excel updated for section: 9th Gen Accord
2025-05-08 08:06:22,811 - INFO - \u2705 Excel updated for section: B8.5 S4
2025-05-08 08:06:26,506 - INFO - \u2705 Excel updated for section: E46 M3
2025-05-08 08:06:40,656 - INFO - \u2705 Excel updated for section: E92 M3
2025-05-08 08:06:50,380 - INFO - \u2705 Excel updated for section: E39 M5
2025-05-08 08:06:58,182 - INFO - \u2705 Excel updated for section: W204 C63 AMG
2025-05-08 08:07:01,132 - INFO - \u2705 Excel updated for section: 991 GT3
2025-05-08 08:07:01,821 - INFO - \u2705 Excel updated for section: 9th Gen Accord
2025-05-09 08:26:57,946 - INFO - \u2705 Excel updated for section: B8.5 S4
2025-05-09 08:27:01,770 - INFO - \u2705 Excel updated for section: E46 M3
2025-05-09 08:27:15,447 - INFO - \u2705 Excel updated for section: E92 M3
2025-05-09 08:27:24,946 - INFO - \u2705 Excel updated for section: E39 M5
2025-05-09 08:27:32,634 - INFO - \u2705 Excel updated for section: W204 C63 AMG
2025-05-09 08:27:35,474 - INFO - \u2705 Excel updated for section: 991 GT3
2025-05-09 08:27:36,294 - INFO - \u2705 Excel updated for section: 9th Gen Accord
2025-05-10 09:32:23,363 - INFO - \u2705 Excel updated for section: B8.5 S4
2025-05-10 09:32:27,366 - INFO - \u2705 Excel updated for section: E46 M3
2025-05-10 09:32:41,585 - INFO - \u2705 Excel updated for section: E92 M3
2025-05-10 09:32:51,287 - INFO - \u2705 Excel updated for section: E39 M5
2025-05-10 09:32:59,795 - INFO - \u2705 Excel updated for section: W204 C63 AMG
2025-05-10 09:33:03,559 - INFO - \u2705 Excel updated for section: 991 GT3
2025-05-10 09:33:04,450 - INFO - \u2705 Excel updated for section: 9th Gen Accord
2025-05-11 09:15:00,792 - INFO - \u2705 Excel updated for section: B8.5 S4
2025-05-11 09:15:04,245 - INFO - \u2705 Excel updated for section: E46 M3
2025-05-11 09:15:17,592 - INFO - \u2705 Excel updated for section: E92 M3
2025-05-11 09:15:26,346 - INFO - \u2705 Excel updated for section: E39 M5
2025-05-11 09:15:33,686 - INFO - \u2705 Excel updated for section: W204 C63 AMG
2025-05-11 09:15:36,248 - INFO - \u2705 Excel updated for section: 991 GT3
2025-05-11 09:15:36,674 - INFO - \u2705 Excel updated for section: 9th Gen Accord
2025-05-12 07:44:29,798 - INFO - \u2705 Excel updated for section: B8.5 S4
2025-05-12 07:44:33,158 - INFO - \u2705 Excel updated for section: E46 M3
2025-05-12 07:44:45,993 - INFO - \u2705 Excel updated for section: E92 M3
2025-05-12 07:44:54,463 - INFO - \u2705 Excel updated for section: E39 M5
2025-05-12 07:45:01,138 - INFO - \u2705 Excel updated for section: W204 C63 AMG
2025-05-12 07:45:03,531 - INFO - \u2705 Excel updated for section: 991 GT3
2025-05-12 07:45:03,852 - INFO - \u2705 Excel updated for section: 9th Gen Accord
2025-05-13 08:13:12,789 - INFO - \u2705 Excel updated for section: B8.5 S4
2025-05-13 08:13:16,801 - INFO - \u2705 Excel updated for section: E46 M3
2025-05-13 08:13:31,881 - INFO - \u2705 Excel updated for section: E92 M3
2025-05-13 08:13:41,588 - INFO - \u2705 Excel updated for section: E39 M5
2025-05-13 08:13:50,139 - INFO - \u2705 Excel updated for section: W204 C63 AMG
2025-05-13 08:13:53,393 - INFO - \u2705 Excel updated for section: 991 GT3
2025-05-13 08:13:54,023 - INFO - \u2705 Excel updated for section: 9th Gen Accord
2025-05-13 10:24:13,774 - INFO - \u2705 Excel updated for section: B8.5 S4
2025-05-13 10:24:18,736 - INFO - \u2705 Excel updated for section: E46 M3
2025-05-13 10:24:36,328 - INFO - \u2705 Excel updated for section: E92 M3
2025-05-13 10:24:47,247 - INFO - \u2705 Excel updated for section: E39 M5
2025-05-13 10:24:56,888 - INFO - \u2705 Excel updated for section: W204 C63 AMG
2025-05-13 10:24:59,876 - INFO - \u2705 Excel updated for section: 991 GT3
2025-05-13 10:25:00,209 - INFO - \u2705 Excel updated for section: 9th Gen Accord
2025-05-14 08:16:49,950 - INFO - \u2705 Excel updated for section: B8.5 S4
2025-05-14 08:16:53,805 - INFO - \u2705 Excel updated for section: E46 M3
2025-05-14 08:17:08,111 - INFO - \u2705 Excel updated for section: E92 M3
2025-05-14 08:17:17,276 - INFO - \u2705 Excel updated for section: E39 M5
2025-05-14 08:17:25,032 - INFO - \u2705 Excel updated for section: W204 C63 AMG
2025-05-14 08:17:27,949 - INFO - \u2705 Excel updated for section: 991 GT3
2025-05-14 08:17:28,631 - INFO - \u2705 Excel updated for section: 9th Gen Accord
2025-05-14 21:21:48,135 - INFO - \u2705 Excel updated for section: B8.5 S4
2025-05-14 21:21:52,025 - INFO - \u2705 Excel updated for section: E46 M3
2025-05-14 21:22:07,092 - INFO - \u2705 Excel updated for section: E92 M3
2025-05-14 21:22:16,328 - INFO - \u2705 Excel updated for section: E39 M5
2025-05-14 21:22:23,614 - INFO - \u2705 Excel updated for section: W204 C63 AMG
2025-05-14 21:22:26,138 - INFO - \u2705 Excel updated for section: 991 GT3
2025-05-14 21:22:26,510 - INFO - \u2705 Excel updated for section: 9th Gen Accord
2025-05-15 08:16:16,593 - INFO - \u2705 Excel updated for section: B8.5 S4
2025-05-15 08:16:20,627 - INFO - \u2705 Excel updated for section: E46 M3
2025-05-15 08:16:35,685 - INFO - \u2705 Excel updated for section: E92 M3
2025-05-15 08:16:45,115 - INFO - \u2705 Excel updated for section: E39 M5
2025-05-15 08:16:52,325 - INFO - \u2705 Excel updated for section: W204 C63 AMG
2025-05-15 08:16:55,117 - INFO - \u2705 Excel updated for section: 991 GT3
2025-05-15 08:16:55,954 - INFO - \u2705 Excel updated for section: 9th Gen Accord
2025-05-16 08:18:40,966 - INFO - \u2705 Excel updated for section: B8.5 S4
2025-05-16 08:18:44,306 - INFO - \u2705 Excel updated for section: E46 M3
2025-05-16 08:18:58,327 - INFO - \u2705 Excel updated for section: E92 M3
2025-05-16 08:19:07,666 - INFO - \u2705 Excel updated for section: E39 M5
2025-05-16 08:19:15,208 - INFO - \u2705 Excel updated for section: W204 C63 AMG
2025-05-16 08:19:17,415 - INFO - \u2705 Excel updated for section: 991 GT3
2025-05-16 08:19:17,784 - INFO - \u2705 Excel updated for section: 9th Gen Accord
2025-05-17 08:40:02,931 - INFO - \u2705 Excel updated for section: B8.5 S4
2025-05-17 08:40:06,233 - INFO - \u2705 Excel updated for section: E46 M3
2025-05-17 08:40:18,542 - INFO - \u2705 Excel updated for section: E92 M3
2025-05-17 08:40:26,616 - INFO - \u2705 Excel updated for section: E39 M5
2025-05-17 08:40:33,444 - INFO - \u2705 Excel updated for section: W204 C63 AMG
2025-05-17 08:40:36,094 - INFO - \u2705 Excel updated for section: 991 GT3
2025-05-17 08:40:36,422 - INFO - \u2705 Excel updated for section: 9th Gen Accord
2025-05-18 14:07:28,398 - INFO - \u2705 Excel updated for section: B8.5 S4
2025-05-18 14:07:32,197 - INFO - \u2705 Excel updated for section: E46 M3
2025-05-18 14:07:46,286 - INFO - \u2705 Excel updated for section: E92 M3
2025-05-18 14:07:55,406 - INFO - \u2705 Excel updated for section: E39 M5
2025-05-18 14:08:03,227 - INFO - \u2705 Excel updated for section: W204 C63 AMG
2025-05-18 14:08:05,989 - INFO - \u2705 Excel updated for section: 991 GT3
2025-05-18 14:08:07,137 - INFO - \u2705 Excel updated for section: 9th Gen Accord
2025-05-18 19:54:17,405 - INFO - \u2705 Excel updated for section: B8.5 S4
2025-05-18 19:54:21,415 - INFO - \u2705 Excel updated for section: E46 M3
2025-05-18 19:54:35,771 - INFO - \u2705 Excel updated for section: E92 M3
2025-05-18 19:54:45,059 - INFO - \u2705 Excel updated for section: E39 M5
2025-05-18 19:54:52,535 - INFO - \u2705 Excel updated for section: W204 C63 AMG
2025-05-18 19:54:55,494 - INFO - \u2705 Excel updated for section: 991 GT3
2025-05-18 19:54:56,267 - INFO - \u2705 Excel updated for section: 9th Gen Accord
2025-05-19 07:43:28,477 - INFO - \u2705 Excel updated for section: B8.5 S4
2025-05-19 07:43:31,886 - INFO - \u2705 Excel updated for section: E46 M3
2025-05-19 07:43:43,725 - INFO - \u2705 Excel updated for section: E92 M3
2025-05-19 07:43:52,148 - INFO - \u2705 Excel updated for section: E39 M5
2025-05-19 07:43:58,902 - INFO - \u2705 Excel updated for section: W204 C63 AMG
2025-05-19 07:44:01,197 - INFO - \u2705 Excel updated for section: 991 GT3
2025-05-19 07:44:01,556 - INFO - \u2705 Excel updated for section: 9th Gen Accord
2025-05-19 19:55:11,881 - INFO - \u2705 Excel updated for section: B8.5 S4
2025-05-19 19:55:15,323 - INFO - \u2705 Excel updated for section: E46 M3
2025-05-19 19:55:28,328 - INFO - \u2705 Excel updated for section: E92 M3
2025-05-19 19:55:37,836 - INFO - \u2705 Excel updated for section: E39 M5
2025-05-19 19:55:45,240 - INFO - \u2705 Excel updated for section: W204 C63 AMG
2025-05-19 19:55:48,588 - INFO - \u2705 Excel updated for section: 991 GT3
2025-05-19 19:55:49,547 - INFO - \u2705 Excel updated for section: 9th Gen Accord
2025-05-20 09:50:23,125 - INFO - \u2705 Excel updated for section: B8.5 S4
2025-05-20 09:50:26,806 - INFO - \u2705 Excel updated for section: E46 M3
2025-05-20 09:50:48,581 - INFO - \u2705 Excel updated for section: E92 M3
2025-05-20 09:50:58,323 - INFO - \u2705 Excel updated for section: E39 M5
2025-05-20 09:51:07,098 - INFO - \u2705 Excel updated for section: W204 C63 AMG
2025-05-20 09:51:10,139 - INFO - \u2705 Excel updated for section: 991 GT3
2025-05-20 09:51:10,998 - INFO - \u2705 Excel updated for section: 9th Gen Accord
2025-05-20 09:54:10,786 - INFO - \u2705 Excel updated for section: B8.5 S4
2025-05-20 09:54:14,481 - INFO - \u2705 Excel updated for section: E46 M3
2025-05-20 09:54:28,432 - INFO - \u2705 Excel updated for section: E92 M3
2025-05-20 09:54:37,410 - INFO - \u2705 Excel updated for section: E39 M5
2025-05-20 09:54:44,770 - INFO - \u2705 Excel updated for section: W204 C63 AMG
2025-05-20 09:54:47,107 - INFO - \u2705 Excel updated for section: 991 GT3
2025-05-20 09:54:47,419 - INFO - \u2705 Excel updated for section: 9th Gen Accord
2025-05-20 11:42:40,136 - INFO - \u2705 Excel updated for section: B8.5 S4
2025-05-20 11:42:44,118 - INFO - \u2705 Excel updated for section: E46 M3
2025-05-20 11:42:57,635 - INFO - \u2705 Excel updated for section: E92 M3
2025-05-20 11:43:06,584 - INFO - \u2705 Excel updated for section: E39 M5
2025-05-20 11:43:13,934 - INFO - \u2705 Excel updated for section: W204 C63 AMG
2025-05-20 11:43:16,202 - INFO - \u2705 Excel updated for section: 991 GT3
2025-05-20 11:43:16,621 - INFO - \u2705 Excel updated for section: 9th Gen Accord
2025-05-21 08:12:01,755 - INFO - \u2705 Excel updated for section: B8.5 S4
2025-05-21 08:12:05,498 - INFO - \u2705 Excel updated for section: E46 M3
2025-05-21 08:12:18,063 - INFO - \u2705 Excel updated for section: E92 M3
2025-05-21 08:12:26,891 - INFO - \u2705 Excel updated for section: E39 M5
2025-05-21 08:12:34,099 - INFO - \u2705 Excel updated for section: W204 C63 AMG
2025-05-21 08:12:36,918 - INFO - \u2705 Excel updated for section: 991 GT3
2025-05-21 08:12:37,700 - INFO - \u2705 Excel updated for section: 9th Gen Accord
2025-05-22 08:25:51,756 - INFO - \u2705 Excel updated for section: B8.5 S4
2025-05-22 08:25:56,041 - INFO - \u2705 Excel updated for section: E46 M3
2025-05-22 08:26:09,133 - INFO - \u2705 Excel updated for section: E92 M3
2025-05-22 08:26:18,743 - INFO - \u2705 Excel updated for section: E39 M5
2025-05-22 08:26:26,499 - INFO - \u2705 Excel updated for section: W204 C63 AMG
2025-05-22 08:26:29,660 - INFO - \u2705 Excel updated for section: 991 GT3
2025-05-22 08:26:30,583 - INFO - \u2705 Excel updated for section: 9th Gen Accord
2025-05-23 08:44:15,812 - INFO - \u2705 Excel updated for section: B8.5 S4
2025-05-23 08:44:19,897 - INFO - \u2705 Excel updated for section: E46 M3
2025-05-23 08:44:33,452 - INFO - \u2705 Excel updated for section: E92 M3
2025-05-23 08:44:42,439 - INFO - \u2705 Excel updated for section: E39 M5
2025-05-23 08:44:50,346 - INFO - \u2705 Excel updated for section: W204 C63 AMG
2025-05-23 08:44:53,293 - INFO - \u2705 Excel updated for section: 991 GT3
2025-05-23 08:44:54,297 - INFO - \u2705 Excel updated for section: 9th Gen Accord
2025-05-23 20:49:28,602 - INFO - \u2705 Excel updated for section: B8.5 S4
2025-05-23 20:49:32,744 - INFO - \u2705 Excel updated for section: E46 M3
2025-05-23 20:49:48,047 - INFO - \u2705 Excel updated for section: E92 M3
2025-05-23 20:49:58,235 - INFO - \u2705 Excel updated for section: E39 M5
2025-05-23 20:50:06,800 - INFO - \u2705 Excel updated for section: W204 C63 AMG
2025-05-23 20:50:09,704 - INFO - \u2705 Excel updated for section: 991 GT3
2025-05-23 20:50:10,389 - INFO - \u2705 Excel updated for section: 9th Gen Accord
2025-05-24 10:03:37,666 - INFO - \u2705 Excel updated for section: B8.5 S4
2025-05-24 10:03:41,562 - INFO - \u2705 Excel updated for section: E46 M3
2025-05-24 10:03:55,137 - INFO - \u2705 Excel updated for section: E92 M3
2025-05-24 10:04:04,224 - INFO - \u2705 Excel updated for section: E39 M5
2025-05-24 10:04:11,369 - INFO - \u2705 Excel updated for section: W204 C63 AMG
2025-05-24 10:04:13,859 - INFO - \u2705 Excel updated for section: 991 GT3
2025-05-24 10:04:14,261 - INFO - \u2705 Excel updated for section: 9th Gen Accord
2025-05-26 09:37:37,658 - INFO - \u2705 Excel updated for section: B8.5 S4
2025-05-26 09:37:41,565 - INFO - \u2705 Excel updated for section: E46 M3
2025-05-26 09:37:54,736 - INFO - \u2705 Excel updated for section: E92 M3
2025-05-26 09:38:06,144 - INFO - \u2705 Excel updated for section: E39 M5
2025-05-26 09:38:14,641 - INFO - \u2705 Excel updated for section: W204 C63 AMG
2025-05-26 09:38:17,428 - INFO - \u2705 Excel updated for section: 991 GT3
2025-05-26 09:38:18,592 - INFO - \u2705 Excel updated for section: 9th Gen Accord
2025-05-27 08:19:43,438 - INFO - \u2705 Excel updated for section: B8.5 S4
2025-05-27 08:19:47,308 - INFO - \u2705 Excel updated for section: E46 M3
2025-05-27 08:20:00,535 - INFO - \u2705 Excel updated for section: E92 M3
2025-05-27 08:20:09,747 - INFO - \u2705 Excel updated for section: E39 M5
2025-05-27 08:20:16,850 - INFO - \u2705 Excel updated for section: W204 C63 AMG
2025-05-27 08:20:19,824 - INFO - \u2705 Excel updated for section: 991 GT3
2025-05-27 08:20:20,825 - INFO - \u2705 Excel updated for section: 9th Gen Accord
2025-05-28 09:02:11,169 - INFO - \u2705 Excel updated for section: B8.5 S4
2025-05-28 09:02:15,245 - INFO - \u2705 Excel updated for section: E46 M3
2025-05-28 09:02:30,615 - INFO - \u2705 Excel updated for section: E92 M3
2025-05-28 09:02:40,116 - INFO - \u2705 Excel updated for section: E39 M5
2025-05-28 09:02:48,742 - INFO - \u2705 Excel updated for section: W204 C63 AMG
2025-05-28 09:02:52,058 - INFO - \u2705 Excel updated for section: 991 GT3
2025-05-28 09:02:53,890 - INFO - \u2705 Excel updated for section: 9th Gen Accord
2025-05-29 08:07:38,044 - INFO - \u2705 Excel updated for section: B8.5 S4
2025-05-29 08:07:41,838 - INFO - \u2705 Excel updated for section: E46 M3
2025-05-29 08:07:54,955 - INFO - \u2705 Excel updated for section: E92 M3
2025-05-29 08:08:03,956 - INFO - \u2705 Excel updated for section: E39 M5
2025-05-29 08:08:11,388 - INFO - \u2705 Excel updated for section: W204 C63 AMG
2025-05-29 08:08:14,492 - INFO - \u2705 Excel updated for section: 991 GT3
2025-05-29 08:08:15,423 - INFO - \u2705 Excel updated for section: 9th Gen Accord
2025-05-30 09:16:04,825 - INFO - \u2705 Excel updated for section: B8.5 S4
2025-05-30 09:16:08,735 - INFO - \u2705 Excel updated for section: E46 M3
2025-05-30 09:16:22,308 - INFO - \u2705 Excel updated for section: E92 M3
2025-05-30 09:16:31,045 - INFO - \u2705 Excel updated for section: E39 M5
2025-05-30 09:16:39,089 - INFO - \u2705 Excel updated for section: W204 C63 AMG
2025-05-30 09:16:41,978 - INFO - \u2705 Excel updated for section: 991 GT3
2025-05-30 09:16:42,914 - INFO - \u2705 Excel updated for section: 9th Gen Accord
2025-05-31 11:00:29,168 - INFO - \u2705 Excel updated for section: B8.5 S4
2025-05-31 11:00:33,221 - INFO - \u2705 Excel updated for section: E46 M3
2025-05-31 11:00:47,598 - INFO - \u2705 Excel updated for section: E92 M3
2025-05-31 11:00:57,076 - INFO - \u2705 Excel updated for section: E39 M5
2025-05-31 11:01:05,740 - INFO - \u2705 Excel updated for section: W204 C63 AMG
2025-05-31 11:01:08,151 - INFO - \u2705 Excel updated for section: 991 GT3
2025-05-31 11:01:08,705 - INFO - \u2705 Excel updated for section: 9th Gen Accord
2025-05-31 11:48:32,348 - INFO - \u2705 Excel updated for section: B8.5 S4
2025-05-31 11:48:36,125 - INFO - \u2705 Excel updated for section: E46 M3
2025-05-31 11:48:49,848 - INFO - \u2705 Excel updated for section: E92 M3
2025-05-31 11:48:58,977 - INFO - \u2705 Excel updated for section: E39 M5
2025-05-31 11:49:06,705 - INFO - \u2705 Excel updated for section: W204 C63 AMG
2025-05-31 11:49:09,251 - INFO - \u2705 Excel updated for section: 991 GT3
2025-05-31 11:49:09,617 - INFO - \u2705 Excel updated for section: 9th Gen Accord
2025-06-01 09:04:45,861 - INFO - \u2705 Excel updated for section: B8.5 S4
2025-06-01 09:04:49,332 - INFO - \u2705 Excel updated for section: E46 M3
2025-06-01 09:05:01,742 - INFO - \u2705 Excel updated for section: E92 M3
2025-06-01 09:05:10,012 - INFO - \u2705 Excel updated for section: E39 M5
2025-06-01 09:05:17,167 - INFO - \u2705 Excel updated for section: W204 C63 AMG
2025-06-01 09:05:19,342 - INFO - \u2705 Excel updated for section: 991 GT3
2025-06-01 09:05:19,771 - INFO - \u2705 Excel updated for section: 9th Gen Accord
2025-06-02 18:25:31,206 - INFO - \u2705 Excel updated for section: B8.5 S4
2025-06-02 18:25:35,285 - INFO - \u2705 Excel updated for section: E46 M3
2025-06-02 18:25:49,494 - INFO - \u2705 Excel updated for section: E92 M3
2025-06-02 18:25:59,588 - INFO - \u2705 Excel updated for section: E39 M5
2025-06-02 18:26:08,558 - INFO - \u2705 Excel updated for section: W204 C63 AMG
2025-06-02 18:26:12,462 - INFO - \u2705 Excel updated for section: 991 GT3
2025-06-02 18:26:13,577 - INFO - \u2705 Excel updated for section: 9th Gen Accord
2025-06-03 20:35:36,745 - INFO - \u2705 Excel updated for section: B8.5 S4
2025-06-03 20:35:40,655 - INFO - \u2705 Excel updated for section: E46 M3
2025-06-03 20:35:54,647 - INFO - \u2705 Excel updated for section: E92 M3
2025-06-03 20:36:04,591 - INFO - \u2705 Excel updated for section: E39 M5
2025-06-03 20:36:12,985 - INFO - \u2705 Excel updated for section: W204 C63 AMG
2025-06-03 20:36:16,224 - INFO - \u2705 Excel updated for section: 991 GT3
2025-06-03 20:36:17,202 - INFO - \u2705 Excel updated for section: 9th Gen Accord
2025-06-04 17:54:51,890 - INFO - \u2705 Excel updated for section: B8.5 S4
2025-06-04 17:54:56,000 - INFO - \u2705 Excel updated for section: E46 M3
2025-06-04 17:55:11,226 - INFO - \u2705 Excel updated for section: E92 M3
2025-06-04 17:55:21,425 - INFO - \u2705 Excel updated for section: E39 M5
2025-06-04 17:55:29,864 - INFO - \u2705 Excel updated for section: W204 C63 AMG
2025-06-04 17:55:32,899 - INFO - \u2705 Excel updated for section: 991 GT3
2025-06-04 17:55:33,499 - INFO - \u2705 Excel updated for section: 9th Gen Accord
2025-06-05 18:03:43,927 - INFO - \u2705 Excel updated for section: B8.5 S4
2025-06-05 18:03:48,302 - INFO - \u2705 Excel updated for section: E46 M3
2025-06-05 18:04:03,724 - INFO - \u2705 Excel updated for section: E92 M3
2025-06-05 18:04:13,875 - INFO - \u2705 Excel updated for section: E39 M5
2025-06-05 18:04:22,444 - INFO - \u2705 Excel updated for section: W204 C63 AMG
2025-06-05 18:04:25,866 - INFO - \u2705 Excel updated for section: 991 GT3
2025-06-05 18:04:27,107 - INFO - \u2705 Excel updated for section: 9th Gen Accord
2025-06-06 08:18:48,022 - INFO - \u2705 Excel updated for section: B8.5 S4
2025-06-06 08:18:53,037 - INFO - \u2705 Excel updated for section: E46 M3
2025-06-06 08:19:08,357 - INFO - \u2705 Excel updated for section: E92 M3
2025-06-06 08:19:18,567 - INFO - \u2705 Excel updated for section: E39 M5
2025-06-06 08:19:27,651 - INFO - \u2705 Excel updated for section: W204 C63 AMG
2025-06-06 08:19:30,860 - INFO - \u2705 Excel updated for section: 991 GT3
2025-06-06 08:19:31,798 - INFO - \u2705 Excel updated for section: 9th Gen Accord
2025-06-06 16:10:13,045 - INFO - \u2705 Excel updated for section: B8.5 S4
2025-06-06 16:10:16,831 - INFO - \u2705 Excel updated for section: E46 M3
2025-06-06 16:10:27,250 - WARNING - \u274c Failed to fetch page for Unnamed Product | Status: 404
2025-06-06 16:10:30,331 - WARNING - \u274c Failed to fetch page for Unnamed Product | Status: 404
2025-06-06 16:10:31,098 - INFO - \u2705 Excel updated for section: E92 M3
2025-06-06 16:10:39,995 - INFO - \u2705 Excel updated for section: E39 M5
2025-06-06 16:10:47,510 - INFO - \u2705 Excel updated for section: W204 C63 AMG
2025-06-06 16:10:50,562 - INFO - \u2705 Excel updated for section: 991 GT3
2025-06-06 16:10:51,611 - INFO - \u2705 Excel updated for section: 9th Gen Accord
2025-06-07 20:02:36,425 - INFO - \u2705 Excel updated for section: B8.5 S4
2025-06-07 20:02:40,546 - INFO - \u2705 Excel updated for section: E46 M3
2025-06-07 20:02:50,736 - WARNING - \u274c Failed to fetch page for Unnamed Product | Status: 404
2025-06-07 20:02:54,149 - WARNING - \u274c Failed to fetch page for Unnamed Product | Status: 404
2025-06-07 20:02:55,262 - INFO - \u2705 Excel updated for section: E92 M3
2025-06-07 20:03:05,299 - INFO - \u2705 Excel updated for section: E39 M5
2025-06-07 20:03:14,692 - INFO - \u2705 Excel updated for section: W204 C63 AMG
2025-06-07 20:03:19,058 - INFO - \u2705 Excel updated for section: 991 GT3
2025-06-07 20:03:20,173 - INFO - \u2705 Excel updated for section: 9th Gen Accord
2025-06-08 17:03:17,592 - INFO - \u2705 Excel updated for section: B8.5 S4
2025-06-08 17:03:21,727 - INFO - \u2705 Excel updated for section: E46 M3
2025-06-08 17:03:31,702 - WARNING - \u274c Failed to fetch page for Unnamed Product | Status: 404
2025-06-08 17:03:34,658 - WARNING - \u274c Failed to fetch page for Unnamed Product | Status: 404
2025-06-08 17:03:35,474 - INFO - \u2705 Excel updated for section: E92 M3
2025-06-08 17:03:44,477 - INFO - \u2705 Excel updated for section: E39 M5
2025-06-08 17:03:51,860 - INFO - \u2705 Excel updated for section: W204 C63 AMG
2025-06-08 17:03:54,393 - INFO - \u2705 Excel updated for section: 991 GT3
2025-06-08 17:03:55,365 - INFO - \u2705 Excel updated for section: 9th Gen Accord
